<?xml version="1.0" encoding="UTF-8"?>
<TestRun id="a6a8e4dd-75cd-4f87-b532-0323fd42bef7" name="erinh@ERIN-H 2011-04-04 23:49:53" runUser="SUNSHINE\erinh" xmlns="http://microsoft.com/schemas/VisualStudio/TeamTest/2010">
  <TestSettings name="Local" id="9af86cf1-fadb-46d3-a32e-3457b1733d91">
    <Description>These are default test settings for a local test run.</Description>
    <Deployment enabled="false" runDeploymentRoot="erinh_ERIN-H 2011-04-04 23_49_53">
      <DeploymentItem filename="C:\Users\erinh.SUNSHINE\Documents\My Dropbox\src\Monads.NET\Monads.NET\Monads.NET\bin\Debug\Monads.NET.dll" />
    </Deployment>
    <Execution>
      <TestTypeSpecific />
      <AgentRule name="Execution Agents">
      </AgentRule>
    </Execution>
  </TestSettings>
  <Times creation="2011-04-04T23:49:53.8688205-06:00" queuing="2011-04-04T23:49:55.7009253-06:00" start="2011-04-04T23:49:55.8849358-06:00" finish="2011-04-04T23:49:57.3240182-06:00" />
  <ResultSummary outcome="Completed">
    <Counters total="1" executed="1" passed="1" error="0" failed="0" timeout="0" aborted="0" inconclusive="0" passedButRunAborted="0" notRunnable="0" notExecuted="0" disconnected="0" warning="0" completed="0" inProgress="0" pending="0" />
  </ResultSummary>
  <TestDefinitions>
    <UnitTest name="Return_on_Dictionary_will_return_Value" storage="c:\users\erinh.sunshine\documents\my dropbox\src\monads.net\monads.net\monads.net.tests\bin\debug\monads.net.tests.dll" id="0008fda4-f307-d80c-6a05-c6be0f0ac47b">
      <Execution id="1a8f445a-2ace-4ec8-a51c-334a9198bb6a" />
      <TestMethod codeBase="C:/Users/erinh.SUNSHINE/Documents/My Dropbox/src/Monads.NET/Monads.NET/Monads.Net.Tests/bin/Debug/Monads.Net.Tests.DLL" adapterTypeName="Microsoft.VisualStudio.TestTools.TestTypes.Unit.UnitTestAdapter, Microsoft.VisualStudio.QualityTools.Tips.UnitTest.Adapter, Version=10.0.0.0, Culture=neutral, PublicKeyToken=b03f5f7f11d50a3a" className="Monads.Net.Tests.MaybeTests, Monads.Net.Tests, Version=1.0.0.0, Culture=neutral, PublicKeyToken=null" name="Return_on_Dictionary_will_return_Value" />
    </UnitTest>
  </TestDefinitions>
  <TestLists>
    <TestList name="Results Not in a List" id="8c84fa94-04c1-424b-9868-57a2d4851a1d" />
    <TestList name="All Loaded Results" id="19431567-8539-422a-85d7-44ee4e166bda" />
  </TestLists>
  <TestEntries>
    <TestEntry testId="0008fda4-f307-d80c-6a05-c6be0f0ac47b" executionId="1a8f445a-2ace-4ec8-a51c-334a9198bb6a" testListId="8c84fa94-04c1-424b-9868-57a2d4851a1d" />
  </TestEntries>
  <Results>
    <UnitTestResult executionId="1a8f445a-2ace-4ec8-a51c-334a9198bb6a" testId="0008fda4-f307-d80c-6a05-c6be0f0ac47b" testName="Return_on_Dictionary_will_return_Value" computerName="ERIN-H" duration="00:00:00.0301640" startTime="2011-04-04T23:49:56.0069428-06:00" endTime="2011-04-04T23:49:57.1710094-06:00" testType="13cdc9d9-ddb5-4fa4-a97d-d965ccfc6d4b" outcome="Passed" testListId="8c84fa94-04c1-424b-9868-57a2d4851a1d" relativeResultsDirectory="1a8f445a-2ace-4ec8-a51c-334a9198bb6a">
    </UnitTestResult>
  </Results>
</TestRun>